<?xml version="1.0" encoding="UTF-8"?>
<testng-results skipped="0" failed="0" ignored="0" total="2" passed="2">
  <reporter-output>
  </reporter-output>
  <suite name="example suite 1" duration-ms="4380" started-at="2017-09-24T10:01:19Z" finished-at="2017-09-24T10:01:23Z">
    <groups>
    </groups>
    <test name="Regression suite 1" duration-ms="4380" started-at="2017-09-24T10:01:19Z" finished-at="2017-09-24T10:01:23Z">
      <class name="Testdemo.Testlogin">
        <test-method status="PASS" signature="openBrowser()[pri:0, instance:Testdemo.Testlogin@56f4468b]" name="openBrowser" is-config="true" duration-ms="4002" started-at="2017-09-24T15:31:15Z" finished-at="2017-09-24T15:31:19Z">
          <reporter-output>
          </reporter-output>
        </test-method> <!-- openBrowser -->
        <test-method status="PASS" signature="openLink()[pri:0, instance:Testdemo.Testlogin@56f4468b]" name="openLink" duration-ms="2102" started-at="2017-09-24T15:31:19Z" finished-at="2017-09-24T15:31:21Z">
          <reporter-output>
          </reporter-output>
        </test-method> <!-- openLink -->
        <test-method status="PASS" signature="openLogin()[pri:0, instance:Testdemo.Testlogin@56f4468b]" name="openLogin" duration-ms="2269" started-at="2017-09-24T15:31:21Z" finished-at="2017-09-24T15:31:23Z">
          <reporter-output>
          </reporter-output>
        </test-method> <!-- openLogin -->
        <test-method status="PASS" signature="close()[pri:0, instance:Testdemo.Testlogin@56f4468b]" name="close" is-config="true" duration-ms="929" started-at="2017-09-24T15:31:23Z" finished-at="2017-09-24T15:31:24Z">
          <reporter-output>
          </reporter-output>
        </test-method> <!-- close -->
      </class> <!-- Testdemo.Testlogin -->
    </test> <!-- Regression suite 1 -->
  </suite> <!-- example suite 1 -->
</testng-results>
