<?xml version="1.0" encoding="UTF-8"?>
<testng-results skipped="0" failed="0" ignored="0" total="2" passed="2">
  <reporter-output>
  </reporter-output>
  <suite name="Default suite" duration-ms="4146" started-at="2017-10-08T07:13:37Z" finished-at="2017-10-08T07:13:41Z">
    <groups>
    </groups>
    <test name="Default test" duration-ms="4146" started-at="2017-10-08T07:13:37Z" finished-at="2017-10-08T07:13:41Z">
      <class name="Testdemo.Screenshot">
        <test-method status="PASS" signature="openBrowser()[pri:0, instance:Testdemo.Screenshot@56f4468b]" name="openBrowser" is-config="true" duration-ms="3943" started-at="2017-10-08T12:43:33Z" finished-at="2017-10-08T12:43:37Z">
          <reporter-output>
          </reporter-output>
        </test-method> <!-- openBrowser -->
        <test-method status="PASS" signature="openLink()[pri:0, instance:Testdemo.Screenshot@56f4468b]" name="openLink" duration-ms="1887" started-at="2017-10-08T12:43:37Z" finished-at="2017-10-08T12:43:39Z">
          <reporter-output>
          </reporter-output>
        </test-method> <!-- openLink -->
        <test-method status="PASS" signature="openLogin()[pri:0, instance:Testdemo.Screenshot@56f4468b]" name="openLogin" duration-ms="2253" started-at="2017-10-08T12:43:39Z" finished-at="2017-10-08T12:43:41Z">
          <reporter-output>
          </reporter-output>
        </test-method> <!-- openLogin -->
        <test-method status="PASS" signature="close()[pri:0, instance:Testdemo.Screenshot@56f4468b]" name="close" is-config="true" duration-ms="193" started-at="2017-10-08T12:43:42Z" finished-at="2017-10-08T12:43:42Z">
          <reporter-output>
          </reporter-output>
        </test-method> <!-- close -->
      </class> <!-- Testdemo.Screenshot -->
    </test> <!-- Default test -->
  </suite> <!-- Default suite -->
</testng-results>
